{"target": -6.289446843068447, "params": {"x": 2.003722843377683, "y": 2.809569454316385}, "datetime": {"datetime": "2020-01-12 18:24:11", "elapsed": 0.0, "delta": 0.0}}
{"target": 0.7889194789227849, "params": {"x": -0.4328791092037858, "y": 1.1539356940158845}, "datetime": {"datetime": "2020-01-12 18:24:11", "elapsed": 0.001002, "delta": 0.001002}}
{"target": 0.9916531768933001, "params": {"x": 0.0071591437504081165, "y": 0.9089199815137216}, "datetime": {"datetime": "2020-01-12 18:24:13", "elapsed": 1.659076, "delta": 1.658074}}
{"target": 0.9026454681833613, "params": {"x": -0.017904416410845586, "y": 1.3115027506935142}, "datetime": {"datetime": "2020-01-12 18:24:15", "elapsed": 3.149259, "delta": 1.490183}}
{"target": 0.9761875594658986, "params": {"x": -0.1295711966417678, "y": 1.0838077892258333}, "datetime": {"datetime": "2020-01-12 18:24:16", "elapsed": 4.971242, "delta": 1.821983}}
